--- Startup times for process: Primary/TUI ---

times in msec
 clock   self+sourced   self:  sourced script
 clock   elapsed:              other lines

000.000  000.000: --- NVIM STARTING ---
000.059  000.059: event init
000.174  000.115: early init
000.967  000.793: locale set
001.000  000.033: init first window
001.333  000.333: inits 1
001.339  000.005: window checked
001.341  000.003: parsing arguments
002.610  000.031  000.031: require('vim.shared')
002.676  000.032  000.032: require('vim.inspect')
002.714  000.029  000.029: require('vim._options')
002.715  000.102  000.041: require('vim._editor')
002.716  000.167  000.034: require('vim._init_packages')
002.718  001.210: init lua interpreter
002.950  000.232: --- NVIM STARTED ---

--- Startup times for process: Embedded ---

times in msec
 clock   self+sourced   self:  sourced script
 clock   elapsed:              other lines

000.000  000.000: --- NVIM STARTING ---
000.050  000.050: event init
000.150  000.100: early init
000.427  000.277: locale set
000.457  000.030: init first window
000.719  000.262: inits 1
000.732  000.013: window checked
000.735  000.003: parsing arguments
001.120  000.028  000.028: require('vim.shared')
001.186  000.033  000.033: require('vim.inspect')
001.226  000.030  000.030: require('vim._options')
001.227  000.105  000.042: require('vim._editor')
001.229  000.176  000.043: require('vim._init_packages')
001.231  000.319: init lua interpreter
002.972  001.742: expanding arguments
002.986  000.014: inits 2
003.277  000.291: init highlight
003.278  000.001: waiting for UI
003.404  000.126: done waiting for UI
003.412  000.008: clear screen
003.486  000.012  000.012: require('vim.keymap')
004.153  000.738  000.726: require('vim._defaults')
004.154  000.005: init default mappings & autocommands
005.523  000.052  000.052: sourcing /opt/homebrew/Cellar/neovim/0.10.0/share/nvim/runtime/ftplugin.vim
005.617  000.027  000.027: sourcing /opt/homebrew/Cellar/neovim/0.10.0/share/nvim/runtime/indent.vim
007.661  001.043  001.043: sourcing /opt/homebrew/Cellar/neovim/0.10.0/share/nvim/runtime/colors/vim.lua
007.957  001.400  000.357: sourcing /opt/homebrew/Cellar/neovim/0.10.0/share/nvim/runtime/colors/slate.vim
007.964  002.161  000.761: require('settings.fault-management')
008.094  000.128  000.128: require('settings.directories')
008.349  000.061  000.061: require('vim.fs')
008.507  000.153  000.153: require('vim.uri')
008.522  000.259  000.045: require('vim.loader')
010.389  002.293  002.034: require('settings.options')
013.058  001.806  001.806: require('lazy')
013.083  000.015  000.015: require('ffi')
013.186  000.098  000.098: require('lazy.stats')
013.383  000.165  000.165: require('lazy.core.util')
013.564  000.179  000.179: require('lazy.core.config')
014.056  000.345  000.345: require('lazy.core.handler')
014.578  000.193  000.193: require('lazy.pkg')
014.582  000.343  000.150: require('lazy.core.meta')
014.588  000.531  000.188: require('lazy.core.plugin')
014.594  001.028  000.152: require('lazy.core.loader')
015.298  000.121  000.121: require('lazy.core.fragments')
016.037  000.050  000.050: require('plugins.abolish')
016.100  000.045  000.045: require('plugins.activate')
016.208  000.100  000.100: require('plugins.autopair')
016.316  000.102  000.102: require('plugins.barbecue')
016.421  000.099  000.099: require('plugins.betterFileEditing')
016.643  000.043  000.043: require('plugins.betterTerm')
016.703  000.051  000.051: require('plugins.cmp')
017.232  000.049  000.049: require('plugins.code-runner')
017.362  000.065  000.065: require('plugins.colorschemes')
017.443  000.073  000.073: require('plugins.comment')
017.514  000.064  000.064: require('plugins.comment-box')
017.570  000.049  000.049: require('plugins.cursorline')
017.756  000.182  000.182: require('plugins.debug')
018.231  000.054  000.054: require('plugins.dropbar')
018.290  000.053  000.053: require('plugins.frontEnd')
018.461  000.063  000.063: require('plugins.games')
018.614  000.075  000.075: require('plugins.gitSetup')
018.823  000.121  000.121: require('plugins.hardtime')
018.975  000.052  000.052: require('plugins.harpoon')
019.099  000.052  000.052: require('plugins.joinLines')
019.153  000.047  000.047: require('plugins.last-place')
019.209  000.049  000.049: require('plugins.latex-vimtex')
019.663  000.228  000.228: require('utils.icons')
019.727  000.423  000.195: require('plugins.lsp')
019.949  000.114  000.114: require('plugins.luaSnip')
019.994  000.038  000.038: require('plugins.luarocks')
020.039  000.040  000.040: require('plugins.markdown')
020.098  000.054  000.054: require('plugins.misc')
020.422  000.046  000.046: require('plugins.muren')
020.466  000.037  000.037: require('plugins.neo-tree')
020.556  000.048  000.048: require('plugins.neoclip')
020.610  000.042  000.042: require('plugins.neorg-wiki')
020.657  000.037  000.037: require('plugins.notifications')
020.761  000.041  000.041: require('plugins.nvim-tree')
020.806  000.038  000.038: require('plugins.oil')
020.852  000.039  000.039: require('plugins.pantran')
020.892  000.035  000.035: require('plugins.presentation')
020.959  000.061  000.061: require('plugins.programing-setup')
021.297  000.042  000.042: require('plugins.remote-dev-distant')
021.338  000.036  000.036: require('plugins.sessionManagement')
021.379  000.036  000.036: require('plugins.startup-alpha')
021.517  000.114  000.114: require('plugins.statuscolumn')
021.557  000.036  000.036: require('plugins.statusline')
021.598  000.035  000.035: require('plugins.tabline-barbar')
021.691  000.037  000.037: require('plugins.tabular')
021.778  000.082  000.082: require('plugins.telescope')
022.068  000.049  000.049: require('plugins.todo')
022.117  000.039  000.039: require('plugins.treesitter')
022.167  000.041  000.041: require('plugins.treesitter-contex')
022.254  000.037  000.037: require('plugins.trouble')
022.326  000.046  000.046: require('plugins.ufo-fold')
022.622  000.103  000.103: require('plugins.undo-tree')
022.670  000.038  000.038: require('plugins.whichkey')
025.579  000.173  000.173: require('lazy.core.handler.keys')
025.703  000.118  000.118: require('lazy.core.handler.cmd')
025.922  000.117  000.117: require('lazy.core.handler.event')
025.925  000.219  000.102: require('lazy.core.handler.ft')
031.175  001.654  001.654: require('vim.filetype')
031.178  001.716  000.062: sourcing /Users/nathanaelchwojko-srawkey/.local/share/nvim/lazy/neorg/ftdetect/norg.lua
036.122  000.022  000.022: sourcing /Users/nathanaelchwojko-srawkey/.local/share/nvim/lazy/vimtex/ftdetect/cls.vim
036.221  000.021  000.021: sourcing /Users/nathanaelchwojko-srawkey/.local/share/nvim/lazy/vimtex/ftdetect/tex.vim
036.365  000.015  000.015: sourcing /Users/nathanaelchwojko-srawkey/.local/share/nvim/lazy/vimtex/ftdetect/tikz.vim
037.270  000.248  000.248: sourcing /opt/homebrew/Cellar/neovim/0.10.0/share/nvim/runtime/filetype.lua
039.970  000.915  000.915: require('gruvbox')
040.140  000.167  000.167: require('vim.version')
042.450  003.451  002.370: sourcing /Users/nathanaelchwojko-srawkey/.local/share/nvim/lazy/gruvbox.nvim/colors/gruvbox.lua
043.197  000.079  000.079: sourcing /Users/nathanaelchwojko-srawkey/.local/share/nvim/lazy/vim-tmux-navigator/plugin/tmux_navigator.vim
045.123  000.017  000.017: require('vim.F')
045.165  001.453  001.436: require('alpha')
045.306  000.139  000.139: require('alpha.themes.dashboard')
045.393  001.804  000.211: require('configs.alpha')
047.597  001.882  001.882: require('pqf')
048.849  000.066  000.066: sourcing /opt/homebrew/Cellar/neovim/0.10.0/share/nvim/runtime/plugin/editorconfig.lua
048.973  000.065  000.065: sourcing /opt/homebrew/Cellar/neovim/0.10.0/share/nvim/runtime/plugin/man.lua
049.101  000.071  000.071: sourcing /opt/homebrew/Cellar/neovim/0.10.0/share/nvim/runtime/plugin/osc52.lua
049.367  000.010  000.010: sourcing /Users/nathanaelchwojko-srawkey/.local/share/nvim/rplugin.vim
049.373  000.207  000.197: sourcing /opt/homebrew/Cellar/neovim/0.10.0/share/nvim/runtime/plugin/rplugin.vim
049.493  000.056  000.056: sourcing /opt/homebrew/Cellar/neovim/0.10.0/share/nvim/runtime/plugin/shada.vim
049.580  000.017  000.017: sourcing /opt/homebrew/Cellar/neovim/0.10.0/share/nvim/runtime/plugin/spellfile.vim
051.937  000.165  000.165: require('bigfile.features')
051.941  001.472  001.307: require('bigfile')
051.962  001.552  000.080: sourcing /Users/nathanaelchwojko-srawkey/.local/share/nvim/lazy/bigfile.nvim/after/plugin/bigfile.lua
052.035  041.644  023.048: require('settings.lazy')
052.724  000.687  000.687: require('settings.keymaps')
052.964  000.238  000.238: require('settings.commands')
054.284  000.457  000.457: require('settings.fugitive-toggles')
054.415  001.450  000.992: require('settings.toggle')
054.539  000.122  000.122: require('settings.autocmd')
054.688  000.148  000.148: require('settings.terminal')
054.783  000.093  000.093: require('settings.highlights')
054.927  049.163  000.198: sourcing /Users/nathanaelchwojko-srawkey/.config/nvim/init.lua
054.935  001.539: sourcing vimrc file(s)
055.145  000.039  000.039: sourcing /opt/homebrew/Cellar/neovim/0.10.0/share/nvim/runtime/filetype.lua
055.438  000.063  000.063: sourcing /opt/homebrew/Cellar/neovim/0.10.0/share/nvim/runtime/syntax/synload.vim
055.509  000.270  000.207: sourcing /opt/homebrew/Cellar/neovim/0.10.0/share/nvim/runtime/syntax/syntax.vim
055.519  000.275: inits 3
068.767  013.248: reading ShaDa
068.826  000.059: opening buffers
068.827  000.001: BufEnter autocommands
068.829  000.002: editing files in windows
076.924  008.096: VimEnter autocommands
081.855  002.906  002.906: require('heirline.conditions')
081.961  000.104  000.104: require('heirline.utils')
082.170  000.119  000.119: require('lazy.status')
082.680  000.081  000.081: require('heirline.highlights')
082.685  000.178  000.098: require('heirline.statusline')
082.690  000.344  000.165: require('heirline')
084.344  005.612  002.140: require('configs.heirline')
084.367  001.831: UIEnter autocommands
084.369  000.001: before starting main loop
084.914  000.545: first screen update
084.915  000.001: --- NVIM STARTED ---

